Build started 9/16/2014 9:47:44 PM.
     1>Project "C:\Users\Kyle\Documents\School_Documents\Junior_Year\CSE_274\03_Queue_Lab\Lab_3_Queue_Lab\Lab_3_Queue_Lab\Lab_3_Queue_Lab.vcxproj" on node 2 (Build target(s)).
     1>ClCompile:
         C:\Program Files (x86)\Microsoft Visual Studio 11.0\VC\bin\CL.exe /c /ZI /nologo /W3 /WX- /Od /Oy- /D WIN32 /D _DEBUG /D _CONSOLE /D _UNICODE /D UNICODE /Gm /EHsc /RTC1 /MDd /GS /fp:precise /Zc:wchar_t /Zc:forScope /Fo"Debug\\" /Fd"Debug\vc110.pdb" /Gd /TP /analyze- /errorReport:prompt ..\..\main.cpp
         main.cpp
     1>c:\users\kyle\documents\school_documents\junior_year\cse_274\03_queue_lab\arrayqueue.ipp(33): error C2228: left of '.grow' must have class/struct/union
                 type is 'int *'
                 c:\users\kyle\documents\school_documents\junior_year\cse_274\03_queue_lab\arrayqueue.ipp(29) : while compiling class template member function 'void ArrayQueue<T>::add(T)'
                 with
                 [
                     T=int
                 ]
                 c:\users\kyle\documents\school_documents\junior_year\cse_274\03_queue_lab\main.cpp(17) : see reference to function template instantiation 'void ArrayQueue<T>::add(T)' being compiled
                 with
                 [
                     T=int
                 ]
                 c:\users\kyle\documents\school_documents\junior_year\cse_274\03_queue_lab\main.cpp(7) : see reference to class template instantiation 'ArrayQueue<T>' being compiled
                 with
                 [
                     T=int
                 ]
     1>c:\users\kyle\documents\school_documents\junior_year\cse_274\03_queue_lab\arrayqueue.ipp(36): error C2228: left of '.add' must have class/struct/union
                 type is 'int *'
     1>Done Building Project "C:\Users\Kyle\Documents\School_Documents\Junior_Year\CSE_274\03_Queue_Lab\Lab_3_Queue_Lab\Lab_3_Queue_Lab\Lab_3_Queue_Lab.vcxproj" (Build target(s)) -- FAILED.

Build FAILED.

Time Elapsed 00:00:00.69
